INFO  09:25:52 Application started. Press Ctrl+C to shut down.
INFO  09:25:52 Application started. Press Ctrl+C to shut down.
INFO  09:25:52 Hosting environment: Development
INFO  09:25:52 Hosting environment: Development
INFO  09:25:52 Content root path: D:\CognizantLearn\AsFTE\MFPE\Updated\RulesAPI
INFO  09:25:52 Content root path: D:\CognizantLearn\AsFTE\MFPE\Updated\RulesAPI
INFO  09:53:00 Application started. Press Ctrl+C to shut down.
INFO  09:53:00 Application started. Press Ctrl+C to shut down.
INFO  09:53:00 Hosting environment: Development
INFO  09:53:00 Hosting environment: Development
INFO  09:53:00 Content root path: E:\CTS\MFPE\Shayad Final\Updated\RulesAPI
INFO  09:53:00 Content root path: E:\CTS\MFPE\Shayad Final\Updated\RulesAPI
INFO  09:59:35 Evaluating Minimum Balance
INFO  10:00:27 Evaluating Minimum Balance
INFO  10:00:49 Evaluating Minimum Balance
INFO  10:01:05 Evaluating Minimum Balance
INFO  10:01:12 Evaluating Minimum Balance
INFO  05:23:33 Application started. Press Ctrl+C to shut down.
INFO  05:23:33 Application started. Press Ctrl+C to shut down.
INFO  05:23:33 Hosting environment: Development
INFO  05:23:33 Hosting environment: Development
INFO  05:23:33 Content root path: E:\CTS\MFPE\MFPE - Final\Retail-Banking-System-master\Rules microservice\RulesAPI
INFO  05:23:33 Content root path: E:\CTS\MFPE\MFPE - Final\Retail-Banking-System-master\Rules microservice\RulesAPI
INFO  05:27:46 Evaluating Minimum Balance
INFO  05:28:07 Evaluating Minimum Balance
INFO  05:28:19 Evaluating Minimum Balance
INFO  05:28:44 Evaluating Minimum Balance
INFO  05:29:16 Evaluating Minimum Balance
INFO  05:29:33 Evaluating Minimum Balance
